 
       ==============================================
       |                                            |
       |                 C R E S T                  |
       |                                            |
       |  Conformer-Rotamer Ensemble Sampling Tool  |
       |          based on the GFN methods          |
       |             P.Pracht, S.Grimme             |
       |          Universitaet Bonn, MCTC           |
       ==============================================
       Version 2.12,   Thu 19. Mai 16:32:32 CEST 2022
  Using the xTB program. Compatible with xTB version 6.4.0
 
   Cite work conducted with this code as

   • P.Pracht, F.Bohle, S.Grimme, PCCP, 2020, 22, 7169-7192.
   • S.Grimme, JCTC, 2019, 15, 2847-2862.

   and for works involving QCG as

   • S.Spicher, C.Plett, P.Pracht, A.Hansen, S.Grimme,
     JCTC, 2022, 18 (5), 3174-3189.
 
   with help from:
   C.Bannwarth, F.Bohle, S.Ehlert, S.Grimme,
   C.Plett, P.Pracht, S.Spicher
 
   This program is distributed in the hope that it will be useful,
   but WITHOUT ANY WARRANTY; without even the implied warranty of
   MERCHANTABILITY or FITNESS FOR A PARTICULAR PURPOSE.

 Command line input:
 > crest Fluoxetine.xyz --gfn2 --gbsa --chrg 1 --T 16

  -gfn2 : Use of GFN2-xTB requested.
   : implicit solvation
  --chrg 1
  --T 16 (CPUs/Threads selected)
 
 -------------------------
 xTB Geometry Optimization
 -------------------------
 Geometry successfully optimized.
 
------------------------------------------------
Generating MTD length from a flexibility measure
------------------------------------------------
 Calculating WBOs... done.
 Calculating NCI flexibility... done.
     covalent flexibility measure :   0.420
 non-covalent flexibility measure :   0.743
 flexibility measure :   0.451
 t(MTD) / ps    :    13.0
 Σ(t(MTD)) / ps :   182.0 (14 MTDs)
 
-------------------------------------
Starting a trial MTD to test settings
-------------------------------------
 Estimated runtime for one MTD (13.0 ps) on a single thread: 7 min 47 sec
 Estimated runtime for a batch of 14 MTDs on 16 threads: 7 min 47 sec
 
 list of Vbias parameters applied:
$metadyn    0.00300   1.300
$metadyn    0.00150   1.300
$metadyn    0.00075   1.300
$metadyn    0.00300   0.780
$metadyn    0.00150   0.780
$metadyn    0.00075   0.780
$metadyn    0.00300   0.468
$metadyn    0.00150   0.468
$metadyn    0.00075   0.468
$metadyn    0.00300   0.281
$metadyn    0.00150   0.281
$metadyn    0.00075   0.281
$metadyn    0.00100   0.100
$metadyn    0.00500   0.800
 
*******************************************************************************************
**                        N E W    I T E R A T I O N    C Y C L E                        **
*******************************************************************************************
 
========================================
            MTD Iteration  1
========================================
 
     ========================================
     |         Meta-MD (MTD) Sampling       |
     ========================================
 
Starting Meta-MD   1 with the settings:
     MD time /ps        :    13.0
     dt /fs             :     5.0
     dumpstep(trj) /fs  :     100
     dumpstep(Vbias)/ps :     1.0
     Vbias factor k /Eh :  0.1230
     Vbias exp α /bohr⁻²:    1.30
Starting Meta-MD   2 with the settings:
     MD time /ps        :    13.0
     dt /fs             :     5.0
     dumpstep(trj) /fs  :     100
     dumpstep(Vbias)/ps :     1.0
     Vbias factor k /Eh :  0.0615
     Vbias exp α /bohr⁻²:    1.30
Starting Meta-MD   3 with the settings:
     MD time /ps        :    13.0
     dt /fs             :     5.0
     dumpstep(trj) /fs  :     100
     dumpstep(Vbias)/ps :     1.0
     Vbias factor k /Eh :  0.0308
     Vbias exp α /bohr⁻²:    1.30
Starting Meta-MD   4 with the settings:
     MD time /ps        :    13.0
     dt /fs             :     5.0
     dumpstep(trj) /fs  :     100
     dumpstep(Vbias)/ps :     1.0
     Vbias factor k /Eh :  0.1230
     Vbias exp α /bohr⁻²:    0.78
Starting Meta-MD   5 with the settings:
     MD time /ps        :    13.0
     dt /fs             :     5.0
     dumpstep(trj) /fs  :     100
     dumpstep(Vbias)/ps :     1.0
     Vbias factor k /Eh :  0.0615
     Vbias exp α /bohr⁻²:    0.78
Starting Meta-MD   6 with the settings:
     MD time /ps        :    13.0
     dt /fs             :     5.0
     dumpstep(trj) /fs  :     100
     dumpstep(Vbias)/ps :     1.0
     Vbias factor k /Eh :  0.0308
     Vbias exp α /bohr⁻²:    0.78
Starting Meta-MD   7 with the settings:
     MD time /ps        :    13.0
     dt /fs             :     5.0
     dumpstep(trj) /fs  :     100
     dumpstep(Vbias)/ps :     1.0
     Vbias factor k /Eh :  0.1230
     Vbias exp α /bohr⁻²:    0.47
Starting Meta-MD   8 with the settings:
     MD time /ps        :    13.0
     dt /fs             :     5.0
     dumpstep(trj) /fs  :     100
     dumpstep(Vbias)/ps :     1.0
     Vbias factor k /Eh :  0.0615
     Vbias exp α /bohr⁻²:    0.47
Starting Meta-MD   9 with the settings:
     MD time /ps        :    13.0
     dt /fs             :     5.0
     dumpstep(trj) /fs  :     100
     dumpstep(Vbias)/ps :     1.0
     Vbias factor k /Eh :  0.0308
     Vbias exp α /bohr⁻²:    0.47
Starting Meta-MD  10 with the settings:
     MD time /ps        :    13.0
     dt /fs             :     5.0
     dumpstep(trj) /fs  :     100
     dumpstep(Vbias)/ps :     1.0
     Vbias factor k /Eh :  0.1230
     Vbias exp α /bohr⁻²:    0.28
Starting Meta-MD  11 with the settings:
     MD time /ps        :    13.0
     dt /fs             :     5.0
     dumpstep(trj) /fs  :     100
     dumpstep(Vbias)/ps :     1.0
     Vbias factor k /Eh :  0.0615
     Vbias exp α /bohr⁻²:    0.28
Starting Meta-MD  14 with the settings:
     MD time /ps        :    13.0
     dt /fs             :     5.0
     dumpstep(trj) /fs  :     100
     dumpstep(Vbias)/ps :     1.0
     Vbias factor k /Eh :  0.2050
     Vbias exp α /bohr⁻²:    0.80
Starting Meta-MD  12 with the settings:
     MD time /ps        :    13.0
     dt /fs             :     5.0
     dumpstep(trj) /fs  :     100
     dumpstep(Vbias)/ps :     1.0
     Vbias factor k /Eh :  0.0308
     Vbias exp α /bohr⁻²:    0.28
Starting Meta-MD  13 with the settings:
     MD time /ps        :    13.0
     dt /fs             :     5.0
     dumpstep(trj) /fs  :     100
     dumpstep(Vbias)/ps :     1.0
     Vbias factor k /Eh :  0.0410
     Vbias exp α /bohr⁻²:    0.10
*Meta-MTD 10 finished*
*Meta-MTD 3 finished*
*Meta-MTD 7 finished*
*Meta-MTD 4 finished*
*Meta-MTD 14 finished*
*Meta-MTD 2 finished*
*Meta-MTD 1 finished*
*Meta-MTD 6 finished*
*Meta-MTD 8 finished*
*Meta-MTD 9 finished*
*Meta-MTD 5 finished*
*Meta-MTD 11 finished*
*Meta-MTD 13 finished*
*Meta-MTD 12 finished*
 
-----------------------
Multilevel Optimization
-----------------------
 
 -------------------------
 1. crude pre-optimization
 -------------------------
 Optimizing all 1806 structures from file "crest_rotamers_0.xyz" ...
 1 2 3 4 5 6 7 8 9 10 11 12 13 14 15 16 17 18 19 20 21 22 23 24 25 26 27 28 29 30 31 32 33 34 35 36 37 38 39 40 41 42 43 44 45 46 47 48 49 50 51 52 53 54 55 56 57 58 59 60 61 62 63 64 65 66 67 68 69 70 71 72 73 74 75 76 77 78 79 80 81 82 83 84 85 86 87 88 89 90 91 92 93 94 95 96 97 98 99 100 101 102 103 104 105 106 107 108 109 110 111 112 113 114 115 116 117 118 119 120 121 122 123 124 125 126 127 128 129 130 131 132 133 134 135 136 137 138 139 140 141 142 143 144 145 146 147 148 149 150 151 152 153 154 155 156 157 158 159 160 161 162 163 164 165 166 167 168 169 170 171 172 173 174 175 176 177 178 179 180 181 182 183 184 185 186 187 188 189 190 191 192 193 194 195 196 197 198 199 200 201 202 203 204 205 206 207 208 209 210 211 212 213 214 215 216 217 218 219 220 221 222 223 224 225 226 227 228 229 230 231 232 233 234 235 236 237 238 239 240 241 242 243 244 245 246 247 248 249 250 251 252 253 254 255 256 257 258 259 260 261 262 263 264 265 266 267 268 269 270 271 272 273 274 275 276 277 278 279 280 281 282 283 284 285 286 287 288 289 290 291 292 293 294 295 296 297 298 299 300 301 302 303 304 305 306 307 308 309 310 311 312 313 314 315 316 317 318 319 320 321 322 323 324 325 326 327 328 329 330 331 332 333 334 335 336 337 338 339 340 341 342 343 344 345 346 347 348 349 350 351 352 353 354 355 356 357 358 359 360 361 362 363 364 365 366 367 368 369 370 371 372 373 374 375 376 377 378 379 380 381 382 383 384 385 386 387 388 389 390 391 392 393 394 395 396 397 398 399 400 401 402 403 404 405 406 407 408 409 410 411 412 413 414 415 416 417 418 419 420 421 422 423 424 425 426 427 428 429 430 431 432 433 434 435 436 437 438 439 440 441 442 443 444 445 446 447 448 449 450 451 452 453 454 455 456 457 458 459 460 461 462 463 464 465 466 467 468 469 470 471 472 473 474 475 476 477 478 479 480 481 482 483 484 485 486 487 488 489 490 491 492 493 494 495 496 497 498 499 500 501 502 503 504 505 506 507 508 509 510 511 512 513 514 515 516 517 518 519 520 521 522 523 524 525 526 527 528 529 530 531 532 533 534 535 536 537 538 539 540 541 542 543 544 545 546 547 548 549 550 551 552 553 554 555 556 557 558 559 560 561 562 563 564 565 566 567 568 569 570 571 572 573 574 575 576 577 578 579 580 581 582 583 584 585 586 587 588 589 590 591 592 593 594 595 596 597 598 599 600 601 602 603 604 605 606 607 608 609 610 611 612 613 614 615 616 617 618 619 620 621 622 623 624 625 626 627 628 629 630 631 632 633 634 635 636 637 638 639 640 641 642 643 644 645 646 647 648 649 650 651 652 653 654 655 656 657 658 659 660 661 662 663 664 665 666 667 668 669 670 671 672 673 674 675 676 677 678 679 680 681 682 683 684 685 686 687 688 689 690 691 692 693 694 695 696 697 698 699 700 701 702 703 704 705 706 707 708 709 710 711 712 713 714 715 716 717 718 719 720 721 722 723 724 725 726 727 728 729 730 731 732 733 734 735 736 737 738 739 740 741 742 743 744 745 746 747 748 749 750 751 752 753 754 755 756 757 758 759 760 761 762 763 764 765 766 767 768 769 770 771 772 773 774 775 776 777 778 779 780 781 782 783 784 785 786 787 788 789 790 791 792 793 794 795 796 797 798 799 800 801 802 803 804 805 806 807 808 809 810 811 812 813 814 815 816 817 818 819 820 821 822 823 824 825 826 827 828 829 830 831 832 833 834 835 836 837 838 839 840 841 842 843 844 845 846 847 848 849 850 851 852 853 854 855 856 857 858 859 860 861 862 863 864 865 866 867 868 869 870 871 872 873 874 875 876 877 878 879 880 881 882 883 884 885 886 887 888 889 890 891 892 893 894 895 896 897 898 899 900 901 902 903 904 905 906 907 908 909 910 911 912 913 914 915 916 917 918 919 920 921 922 923 924 925 926 927 928 929 930 931 932 933 934 935 936 937 938 939 940 941 942 943 944 945 946 947 948 949 950 951 952 953 954 955 956 957 958 959 960 961 962 963 964 965 966 967 968 969 970 971 972 973 974 975 976 977 978 979 980 981 982 983 984 985 986 987 988 989 990 991 992 993 994 995 996 997 998 999 1000 1001 1002 1003 1004 1005 1006 1007 1008 1009 1010 1011 1012 1013 1014 1015 1016 1017 1018 1019 1020 1021 1022 1023 1024 1025 1026 1027 1028 1029 1030 1031 1032 1033 1034 1035 1036 1037 1038 1039 1040 1041 1042 1043 1044 1045 1046 1047 1048 1049 1050 1051 1052 1053 1054 1055 1056 1057 1058 1059 1060 1061 1062 1063 1064 1065 1066 1067 1068 1069 1070 1071 1072 1073 1074 1075 1076 1077 1078 1079 1080 1081 1082 1083 1084 1085 1086 1087 1088 1089 1090 1091 1092 1093 1094 1095 1096 1097 1098 1099 1100 1101 1102 1103 1104 1105 1106 1107 1108 1109 1110 1111 1112 1113 1114 1115 1116 1117 1118 1119 1120 1121 1122 1123 1124 1125 1126 1127 1128 1129 1130 1131 1132 1133 1134 1135 1136 1137 1138 1139 1140 1141 1142 1143 1144 1145 1146 1147 1148 1149 1150 1151 1152 1153 1154 1155 1156 1157 1158 1159 1160 1161 1162 1163 1164 1165 1166 1167 1168 1169 1170 1171 1172 1173 1174 1175 1176 1177 1178 1179 1180 1181 1182 1183 1184 1185 1186 1187 1188 1189 1190 1191 1192 1193 1194 1195 1196 1197 1198 1199 1200 1201 1202 1203 1204 1205 1206 1207 1208 1209 1210 1211 1212 1213 1214 1215 1216 1217 1218 1219 1220 1221 1222 1223 1224 1225 1226 1227 1228 1229 1230 1231 1232 1233 1234 1235 1236 1237 1238 1239 1240 1241 1242 1243 1244 1245 1246 1247 1248 1249 1250 1251 1252 1253 1254 1255 1256 1257 1258 1259 1260 1261 1262 1263 1264 1265 1266 1267 1268 1269 1270 1271 1272 1273 1274 1275 1276 1277 1278 1279 1280 1281 1282 1283 1284 1285 1286 1287 1288 1289 1290 1291 1292 1293 1294 1295 1296 1297 1298 1299 1300 1301 1302 1303 1304 1305 1306 1307 1308 1309 1310 1311 1312 1313 1314 1315 1316 1317 1318 1319 1320 1321 1322 1323 1324 1325 1326 1327 1328 1329 1330 1331 1332 1333 1334 1335 1336 1337 1338 1339 1340 1341 1342 1343 1344 1345 1346 1347 1348 1349 1350 1351 1352 1353 1354 1355 1356 1357 1358 1359 1360 1361 1362 1363 1364 1365 1366 1367 1368 1369 1370 1371 1372 1373 1374 1375 1376 1377 1378 1379 1380 1381 1382 1383 1384 1385 1386 1387 1388 1389 1390 1391 1392 1393 1394 1395 1396 1397 1398 1399 1400 1401 1402 1403 1404 1405 1406 1407 1408 1409 1410 1411 1412 1413 1414 1415 1416 1417 1418 1419 1420 1421 1422 1423 1424 1425 1426 1427 1428 1429 1430 1431 1432 1433 1434 1435 1436 1437 1438 1439 1440 1441 1442 1443 1444 1445 1446 1447 1448 1449 1450 1451 1452 1453 1454 1455 1456 1457 1458 1459 1460 1461 1462 1463 1464 1465 1466 1467 1468 1469 1470 1471 1472 1473 1474 1475 1476 1477 1478 1479 1480 1481 1482 1483 1484 1485 1486 1487 1488 1489 1490 1491 1492 1493 1494 1495 1496 1497 1498 1499 1500 1501 1502 1503 1504 1505 1506 1507 1508 1509 1510 1511 1512 1513 1514 1515 1516 1517 1518 1519 1520 1521 1522 1523 1524 1525 1526 1527 1528 1529 1530 1531 1532 1533 1534 1535 1536 1537 1538 1539 1540 1541 1542 1543 1544 1545 1546 1547 1548 1549 1550 1551 1552 1553 1554 1555 1556 1557 1558 1559 1560 1561 1562 1563 1564 1565 1566 1567 1568 1569 1570 1571 1572 1573 1574 1575 1576 1577 1578 1579 1580 1581 1582 1583 1584 1585 1586 1587 1588 1589 1590 1591 1592 1593 1594 1595 1596 1597 1598 1599 1600 1601 1602 1603 1604 1605 1606 1607 1608 1609 1610 1611 1612 1613 1614 1615 1616 1617 1618 1619 1620 1621 1622 1623 1624 1625 1626 1627 1628 1629 1630 1631 1632 1633 1634 1635 1636 1637 1638 1639 1640 1641 1642 1643 1644 1645 1646 1647 1648 1649 1650 1651 1652 1653 1654 1655 1656 1657 1658 1659 1660 1661 1662 1663 1664 1665 1666 1667 1668 1669 1670 1671 1672 1673 1674 1675 1676 1677 1678 1679 1680 1681 1682 1683 1684 1685 1686 1687 1688 1689 1690 1691 1692 1693 1694 1695 1696 1697 1698 1699 1700 1701 1702 1703 1704 1705 1706 1707 1708 1709 1710 1711 1712 1713 1714 1715 1716 1717 1718 1719 1720 1721 1722 1723 1724 1725 1726 1727 1728 1729 1730 1731 1732 1733 1734 1735 1736 1737 1738 1739 1740 1741 1742 1743 1744 1745 1746 1747 1748 1749 1750 1751 1752 1753 1754 1755 1756 1757 1758 1759 1760 1761 1762 1763 1764 1765 1766 1767 1768 1769 1770 1771 1772 1773 1774 1775 1776 1777 1778 1779 1780 1781 1782 1783 1784 1785 1786 1787 1788 1789 1790 1791 1792 1793 1794 1795 1796 1797 1798 1799 1800 1801 1802 1803 1804 1805 1806
 done.
 running RMSDs...
 done.
 E lowest :   -66.86719
 1410 structures remain within    12.00 kcal/mol window
 
 -------------------------------------
 2. optimization with tight thresholds
 -------------------------------------
 Optimizing all 1411 structures from file "crest_rotamers_1.xyz" ...
 1 2 3 4 5 6 7 8 9 10 11 12 13 14 15 16 17 18 19 20 21 22 23 24 25 26 27 28 29 30 31 32 33 34 35 36 37 38 39 40 41 42 43 44 45 46 47 48 49 50 51 52 53 54 55 56 57 58 59 60 61 62 63 64 65 66 67 68 69 70 71 72 73 74 75 76 77 78 79 80 81 82 83 84 85 86 87 88 89 90 91 92 93 94 95 96 97 98 99 100 101 102 103 104 105 106 107 108 109 110 111 112 113 114 115 116 117 118 119 120 121 122 123 124 125 126 127 128 129 130 131 132 133 134 135 136 137 138 139 140 141 142 143 144 145 146 147 148 149 150 151 152 153 154 155 156 157 158 159 160 161 162 163 164 165 166 167 168 169 170 171 172 173 174 175 176 177 178 179 180 181 182 183 184 185 186 187 188 189 190 191 192 193 194 195 196 197 198 199 200 201 202 203 204 205 206 207 208 209 210 211 212 213 214 215 216 217 218 219 220 221 222 223 224 225 226 227 228 229 230 231 232 233 234 235 236 237 238 239 240 241 242 243 244 245 246 247 248 249 250 251 252 253 254 255 256 257 258 259 260 261 262 263 264 265 266 267 268 269 270 271 272 273 274 275 276 277 278 279 280 281 282 283 284 285 286 287 288 289 290 291 292 293 294 295 296 297 298 299 300 301 302 303 304 305 306 307 308 309 310 311 312 313 314 315 316 317 318 319 320 321 322 323 324 325 326 327 328 329 330 331 332 333 334 335 336 337 338 339 340 341 342 343 344 345 346 347 348 349 350 351 352 353 354 355 356 357 358 359 360 361 362 363 364 365 366 367 368 369 370 371 372 373 374 375 376 377 378 379 380 381 382 383 384 385 386 387 388 389 390 391 392 393 394 395 396 397 398 399 400 401 402 403 404 405 406 407 408 409 410 411 412 413 414 415 416 417 418 419 420 421 422 423 424 425 426 427 428 429 430 431 432 433 434 435 436 437 438 439 440 441 442 443 444 445 446 447 448 449 450 451 452 453 454 455 456 457 458 459 460 461 462 463 464 465 466 467 468 469 470 471 472 473 474 475 476 477 478 479 480 481 482 483 484 485 486 487 488 489 490 491 492 493 494 495 496 497 498 499 500 501 502 503 504 505 506 507 508 509 510 511 512 513 514 515 516 517 518 519 520 521 522 523 524 525 526 527 528 529 530 531 532 533 534 535 536 537 538 539 540 541 542 543 544 545 546 547 548 549 550 551 552 553 554 555 556 557 558 559 560 561 562 563 564 565 566 567 568 569 570 571 572 573 574 575 576 577 578 579 580 581 582 583 584 585 586 587 588 589 590 591 592 593 594 595 596 597 598 599 600 601 602 603 604 605 606 607 608 609 610 611 612 613 614 615 616 617 618 619 620 621 622 623 624 625 626 627 628 629 630 631 632 633 634 635 636 637 638 639 640 641 642 643 644 645 646 647 648 649 650 651 652 653 654 655 656 657 658 659 660 661 662 663 664 665 666 667 668 669 670 671 672 673 674 675 676 677 678 679 680 681 682 683 684 685 686 687 688 689 690 691 692 693 694 695 696 697 698 699 700 701 702 703 704 705 706 707 708 709 710 711 712 713 714 715 716 717 718 719 720 721 722 723 724 725 726 727 728 729 730 731 732 733 734 735 736 737 738 739 740 741 742 743 744 745 746 747 748 749 750 751 752 753 754 755 756 757 758 759 760 761 762 763 764 765 766 767 768 769 770 771 772 773 774 775 776 777 778 779 780 781 782 783 784 785 786 787 788 789 790 791 792 793 794 795 796 797 798 799 800 801 802 803 804 805 806 807 808 809 810 811 812 813 814 815 816 817 818 819 820 821 822 823 824 825 826 827 828 829 830 831 832 833 834 835 836 837 838 839 840 841 842 843 844 845 846 847 848 849 850 851 852 853 854 855 856 857 858 859 860 861 862 863 864 865 866 867 868 869 870 871 872 873 874 875 876 877 878 879 880 881 882 883 884 885 886 887 888 889 890 891 892 893 894 895 896 897 898 899 900 901 902 903 904 905 906 907 908 909 910 911 912 913 914 915 916 917 918 919 920 921 922 923 924 925 926 927 928 929 930 931 932 933 934 935 936 937 938 939 940 941 942 943 944 945 946 947 948 949 950 951 952 953 954 955 956 957 958 959 960 961 962 963 964 965 966 967 968 969 970 971 972 973 974 975 976 977 978 979 980 981 982 983 984 985 986 987 988 989 990 991 992 993 994 995 996 997 998 999 1000 1001 1002 1003 1004 1005 1006 1007 1008 1009 1010 1011 1012 1013 1014 1015 1016 1017 1018 1019 1020 1021 1022 1023 1024 1025 1026 1027 1028 1029 1030 1031 1032 1033 1034 1035 1036 1037 1038 1039 1040 1041 1042 1043 1044 1045 1046 1047 1048 1049 1050 1051 1052 1053 1054 1055 1056 1057 1058 1059 1060 1061 1062 1063 1064 1065 1066 1067 1068 1069 1070 1071 1072 1073 1074 1075 1076 1077 1078 1079 1080 1081 1082 1083 1084 1085 1086 1087 1088 1089 1090 1091 1092 1093 1094 1095 1096 1097 1098 1099 1100 1101 1102 1103 1104 1105 1106 1107 1108 1109 1110 1111 1112 1113 1114 1115 1116 1117 1118 1119 1120 1121 1122 1123 1124 1125 1126 1127 1128 1129 1130 1131 1132 1133 1134 1135 1136 1137 1138 1139 1140 1141 1142 1143 1144 1145 1146 1147 1148 1149 1150 1151 1152 1153 1154 1155 1156 1157 1158 1159 1160 1161 1162 1163 1164 1165 1166 1167 1168 1169 1170 1171 1172 1173 1174 1175 1176 1177 1178 1179 1180 1181 1182 1183 1184 1185 1186 1187 1188 1189 1190 1191 1192 1193 1194 1195 1196 1197 1198 1199 1200 1201 1202 1203 1204 1205 1206 1207 1208 1209 1210 1211 1212 1213 1214 1215 1216 1217 1218 1219 1220 1221 1222 1223 1224 1225 1226 1227 1228 1229 1230 1231 1232 1233 1234 1235 1236 1237 1238 1239 1240 1241 1242 1243 1244 1245 1246 1247 1248 1249 1250 1251 1252 1253 1254 1255 1256 1257 1258 1259 1260 1261 1262 1263 1264 1265 1266 1267 1268 1269 1270 1271 1272 1273 1274 1275 1276 1277 1278 1279 1280 1281 1282 1283 1284 1285 1286 1287 1288 1289 1290 1291 1292 1293 1294 1295 1296 1297 1298 1299 1300 1301 1302 1303 1304 1305 1306 1307 1308 1309 1310 1311 1312 1313 1314 1315 1316 1317 1318 1319 1320 1321 1322 1323 1324 1325 1326 1327 1328 1329 1330 1331 1332 1333 1334 1335 1336 1337 1338 1339 1340 1341 1342 1343 1344 1345 1346 1347 1348 1349 1350 1351 1352 1353 1354 1355 1356 1357 1358 1359 1360 1361 1362 1363 1364 1365 1366 1367 1368 1369 1370 1371 1372 1373 1374 1375 1376 1377 1378 1379 1380 1381 1382 1383 1384 1385 1386 1387 1388 1389 1390 1391 1392 1393 1394 1395 1396 1397 1398 1399 1400 1401 1402 1403 1404 1405 1406 1407 1408 1409 1410 1411
 done.
 running RMSDs...
 done.
 E lowest :   -66.86764
 334 structures remain within     6.00 kcal/mol window
 
 
========================================
            MTD Iteration  2
========================================
 
     ========================================
     |         Meta-MD (MTD) Sampling       |
     ========================================
 
Starting Meta-MD   1 with the settings:
     MD time /ps        :    13.0
     dt /fs             :     5.0
     dumpstep(trj) /fs  :     100
     dumpstep(Vbias)/ps :     1.0
     Vbias factor k /Eh :  0.1230
     Vbias exp α /bohr⁻²:    1.30
Starting Meta-MD   2 with the settings:
     MD time /ps        :    13.0
     dt /fs             :     5.0
     dumpstep(trj) /fs  :     100
     dumpstep(Vbias)/ps :     1.0
     Vbias factor k /Eh :  0.0615
     Vbias exp α /bohr⁻²:    1.30
Starting Meta-MD   3 with the settings:
     MD time /ps        :    13.0
     dt /fs             :     5.0
     dumpstep(trj) /fs  :     100
     dumpstep(Vbias)/ps :     1.0
     Vbias factor k /Eh :  0.0308
     Vbias exp α /bohr⁻²:    1.30
Starting Meta-MD   4 with the settings:
     MD time /ps        :    13.0
     dt /fs             :     5.0
     dumpstep(trj) /fs  :     100
     dumpstep(Vbias)/ps :     1.0
     Vbias factor k /Eh :  0.1230
     Vbias exp α /bohr⁻²:    0.78
Starting Meta-MD   5 with the settings:
     MD time /ps        :    13.0
     dt /fs             :     5.0
     dumpstep(trj) /fs  :     100
     dumpstep(Vbias)/ps :     1.0
     Vbias factor k /Eh :  0.0615
     Vbias exp α /bohr⁻²:    0.78
Starting Meta-MD   6 with the settings:
     MD time /ps        :    13.0
     dt /fs             :     5.0
     dumpstep(trj) /fs  :     100
     dumpstep(Vbias)/ps :     1.0
     Vbias factor k /Eh :  0.0308
     Vbias exp α /bohr⁻²:    0.78
Starting Meta-MD   7 with the settings:
     MD time /ps        :    13.0
     dt /fs             :     5.0
     dumpstep(trj) /fs  :     100
     dumpstep(Vbias)/ps :     1.0
     Vbias factor k /Eh :  0.1230
     Vbias exp α /bohr⁻²:    0.47
Starting Meta-MD  12 with the settings:
     MD time /ps        :    13.0
     dt /fs             :     5.0
     dumpstep(trj) /fs  :     100
     dumpstep(Vbias)/ps :     1.0
     Vbias factor k /Eh :  0.0308
     Vbias exp α /bohr⁻²:    0.28
Starting Meta-MD   8 with the settings:
     MD time /ps        :    13.0
     dt /fs             :     5.0
     dumpstep(trj) /fs  :     100
     dumpstep(Vbias)/ps :     1.0
     Vbias factor k /Eh :  0.0615
     Vbias exp α /bohr⁻²:    0.47
Starting Meta-MD   9 with the settings:
     MD time /ps        :    13.0
     dt /fs             :     5.0
     dumpstep(trj) /fs  :     100
     dumpstep(Vbias)/ps :     1.0
     Vbias factor k /Eh :  0.0308
     Vbias exp α /bohr⁻²:    0.47
Starting Meta-MD  10 with the settings:
     MD time /ps        :    13.0
     dt /fs             :     5.0
     dumpstep(trj) /fs  :     100
     dumpstep(Vbias)/ps :     1.0
     Vbias factor k /Eh :  0.1230
     Vbias exp α /bohr⁻²:    0.28
Starting Meta-MD  11 with the settings:
     MD time /ps        :    13.0
     dt /fs             :     5.0
     dumpstep(trj) /fs  :     100
     dumpstep(Vbias)/ps :     1.0
     Vbias factor k /Eh :  0.0615
     Vbias exp α /bohr⁻²:    0.28
*Meta-MTD 7 finished*
*Meta-MTD 6 finished*
*Meta-MTD 5 finished*
*Meta-MTD 4 finished*
*Meta-MTD 8 finished*
*Meta-MTD 3 finished*
*Meta-MTD 1 finished*
*Meta-MTD 11 finished*
*Meta-MTD 2 finished*
*Meta-MTD 10 finished*
*Meta-MTD 9 finished*
*Meta-MTD 12 finished*
 
-----------------------
Multilevel Optimization
-----------------------
 
 -------------------------
 1. crude pre-optimization
 -------------------------
 Optimizing all 1548 structures from file "crest_rotamers_0.xyz" ...
 1 2 3 4 5 6 7 8 9 10 11 12 13 14 15 16 17 18 19 20 21 22 23 24 25 26 27 28 29 30 31 32 33 34 35 36 37 38 39 40 41 42 43 44 45 46 47 48 49 50 51 52 53 54 55 56 57 58 59 60 61 62 63 64 65 66 67 68 69 70 71 72 73 74 75 76 77 78 79 80 81 82 83 84 85 86 87 88 89 90 91 92 93 94 95 96 97 98 99 100 101 102 103 104 105 106 107 108 109 110 111 112 113 114 115 116 117 118 119 120 121 122 123 124 125 126 127 128 129 130 131 132 133 134 135 136 137 138 139 140 141 142 143 144 145 146 147 148 149 150 151 152 153 154 155 156 157 158 159 160 161 162 163 164 165 166 167 168 169 170 171 172 173 174 175 176 177 178 179 180 181 182 183 184 185 186 187 188 189 190 191 192 193 194 195 196 197 198 199 200 201 202 203 204 205 206 207 208 209 210 211 212 213 214 215 216 217 218 219 220 221 222 223 224 225 226 227 228 229 230 231 232 233 234 235 236 237 238 239 240 241 242 243 244 245 246 247 248 249 250 251 252 253 254 255 256 257 258 259 260 261 262 263 264 265 266 267 268 269 270 271 272 273 274 275 276 277 278 279 280 281 282 283 284 285 286 287 288 289 290 291 292 293 294 295 296 297 298 299 300 301 302 303 304 305 306 307 308 309 310 311 312 313 314 315 316 317 318 319 320 321 322 323 324 325 326 327 328 329 330 331 332 333 334 335 336 337 338 339 340 341 342 343 344 345 346 347 348 349 350 351 352 353 354 355 356 357 358 359 360 361 362 363 364 365 366 367 368 369 370 371 372 373 374 375 376 377 378 379 380 381 382 383 384 385 386 387 388 389 390 391 392 393 394 395 396 397 398 399 400 401 402 403 404 405 406 407 408 409 410 411 412 413 414 415 416 417 418 419 420 421 422 423 424 425 426 427 428 429 430 431 432 433 434 435 436 437 438 439 440 441 442 443 444 445 446 447 448 449 450 451 452 453 454 455 456 457 458 459 460 461 462 463 464 465 466 467 468 469 470 471 472 473 474 475 476 477 478 479 480 481 482 483 484 485 486 487 488 489 490 491 492 493 494 495 496 497 498 499 500 501 502 503 504 505 506 507 508 509 510 511 512 513 514 515 516 517 518 519 520 521 522 523 524 525 526 527 528 529 530 531 532 533 534 535 536 537 538 539 540 541 542 543 544 545 546 547 548 549 550 551 552 553 554 555 556 557 558 559 560 561 562 563 564 565 566 567 568 569 570 571 572 573 574 575 576 577 578 579 580 581 582 583 584 585 586 587 588 589 590 591 592 593 594 595 596 597 598 599 600 601 602 603 604 605 606 607 608 609 610 611 612 613 614 615 616 617 618 619 620 621 622 623 624 625 626 627 628 629 630 631 632 633 634 635 636 637 638 639 640 641 642 643 644 645 646 647 648 649 650 651 652 653 654 655 656 657 658 659 660 661 662 663 664 665 666 667 668 669 670 671 672 673 674 675 676 677 678 679 680 681 682 683 684 685 686 687 688 689 690 691 692 693 694 695 696 697 698 699 700 701 702 703 704 705 706 707 708 709 710 711 712 713 714 715 716 717 718 719 720 721 722 723 724 725 726 727 728 729 730 731 732 733 734 735 736 737 738 739 740 741 742 743 744 745 746 747 748 749 750 751 752 753 754 755 756 757 758 759 760 761 762 763 764 765 766 767 768 769 770 771 772 773 774 775 776 777 778 779 780 781 782 783 784 785 786 787 788 789 790 791 792 793 794 795 796 797 798 799 800 801 802 803 804 805 806 807 808 809 810 811 812 813 814 815 816 817 818 819 820 821 822 823 824 825 826 827 828 829 830 831 832 833 834 835 836 837 838 839 840 841 842 843 844 845 846 847 848 849 850 851 852 853 854 855 856 857 858 859 860 861 862 863 864 865 866 867 868 869 870 871 872 873 874 875 876 877 878 879 880 881 882 883 884 885 886 887 888 889 890 891 892 893 894 895 896 897 898 899 900 901 902 903 904 905 906 907 908 909 910 911 912 913 914 915 916 917 918 919 920 921 922 923 924 925 926 927 928 929 930 931 932 933 934 935 936 937 938 939 940 941 942 943 944 945 946 947 948 949 950 951 952 953 954 955 956 957 958 959 960 961 962 963 964 965 966 967 968 969 970 971 972 973 974 975 976 977 978 979 980 981 982 983 984 985 986 987 988 989 990 991 992 993 994 995 996 997 998 999 1000 1001 1002 1003 1004 1005 1006 1007 1008 1009 1010 1011 1012 1013 1014 1015 1016 1017 1018 1019 1020 1021 1022 1023 1024 1025 1026 1027 1028 1029 1030 1031 1032 1033 1034 1035 1036 1037 1038 1039 1040 1041 1042 1043 1044 1045 1046 1047 1048 1049 1050 1051 1052 1053 1054 1055 1056 1057 1058 1059 1060 1061 1062 1063 1064 1065 1066 1067 1068 1069 1070 1071 1072 1073 1074 1075 1076 1077 1078 1079 1080 1081 1082 1083 1084 1085 1086 1087 1088 1089 1090 1091 1092 1093 1094 1095 1096 1097 1098 1099 1100 1101 1102 1103 1104 1105 1106 1107 1108 1109 1110 1111 1112 1113 1114 1115 1116 1117 1118 1119 1120 1121 1122 1123 1124 1125 1126 1127 1128 1129 1130 1131 1132 1133 1134 1135 1136 1137 1138 1139 1140 1141 1142 1143 1144 1145 1146 1147 1148 1149 1150 1151 1152 1153 1154 1155 1156 1157 1158 1159 1160 1161 1162 1163 1164 1165 1166 1167 1168 1169 1170 1171 1172 1173 1174 1175 1176 1177 1178 1179 1180 1181 1182 1183 1184 1185 1186 1187 1188 1189 1190 1191 1192 1193 1194 1195 1196 1197 1198 1199 1200 1201 1202 1203 1204 1205 1206 1207 1208 1209 1210 1211 1212 1213 1214 1215 1216 1217 1218 1219 1220 1221 1222 1223 1224 1225 1226 1227 1228 1229 1230 1231 1232 1233 1234 1235 1236 1237 1238 1239 1240 1241 1242 1243 1244 1245 1246 1247 1248 1249 1250 1251 1252 1253 1254 1255 1256 1257 1258 1259 1260 1261 1262 1263 1264 1265 1266 1267 1268 1269 1270 1271 1272 1273 1274 1275 1276 1277 1278 1279 1280 1281 1282 1283 1284 1285 1286 1287 1288 1289 1290 1291 1292 1293 1294 1295 1296 1297 1298 1299 1300 1301 1302 1303 1304 1305 1306 1307 1308 1309 1310 1311 1312 1313 1314 1315 1316 1317 1318 1319 1320 1321 1322 1323 1324 1325 1326 1327 1328 1329 1330 1331 1332 1333 1334 1335 1336 1337 1338 1339 1340 1341 1342 1343 1344 1345 1346 1347 1348 1349 1350 1351 1352 1353 1354 1355 1356 1357 1358 1359 1360 1361 1362 1363 1364 1365 1366 1367 1368 1369 1370 1371 1372 1373 1374 1375 1376 1377 1378 1379 1380 1381 1382 1383 1384 1385 1386 1387 1388 1389 1390 1391 1392 1393 1394 1395 1396 1397 1398 1399 1400 1401 1402 1403 1404 1405 1406 1407 1408 1409 1410 1411 1412 1413 1414 1415 1416 1417 1418 1419 1420 1421 1422 1423 1424 1425 1426 1427 1428 1429 1430 1431 1432 1433 1434 1435 1436 1437 1438 1439 1440 1441 1442 1443 1444 1445 1446 1447 1448 1449 1450 1451 1452 1453 1454 1455 1456 1457 1458 1459 1460 1461 1462 1463 1464 1465 1466 1467 1468 1469 1470 1471 1472 1473 1474 1475 1476 1477 1478 1479 1480 1481 1482 1483 1484 1485 1486 1487 1488 1489 1490 1491 1492 1493 1494 1495 1496 1497 1498 1499 1500 1501 1502 1503 1504 1505 1506 1507 1508 1509 1510 1511 1512 1513 1514 1515 1516 1517 1518 1519 1520 1521 1522 1523 1524 1525 1526 1527 1528 1529 1530 1531 1532 1533 1534 1535 1536 1537 1538 1539 1540 1541 1542 1543 1544 1545 1546 1547 1548
 done.
 running RMSDs...
 done.
 E lowest :   -66.86734
 1317 structures remain within    12.00 kcal/mol window
 
 -------------------------------------
 2. optimization with tight thresholds
 -------------------------------------
 Optimizing all 1318 structures from file "crest_rotamers_1.xyz" ...
 1 2 3 4 5 6 7 8 9 10 11 12 13 14 15 16 17 18 19 20 21 22 23 24 25 26 27 28 29 30 31 32 33 34 35 36 37 38 39 40 41 42 43 44 45 46 47 48 49 50 51 52 53 54 55 56 57 58 59 60 61 62 63 64 65 66 67 68 69 70 71 72 73 74 75 76 77 78 79 80 81 82 83 84 85 86 87 88 89 90 91 92 93 94 95 96 97 98 99 100 101 102 103 104 105 106 107 108 109 110 111 112 113 114 115 116 117 118 119 120 121 122 123 124 125 126 127 128 129 130 131 132 133 134 135 136 137 138 139 140 141 142 143 144 145 146 147 148 149 150 151 152 153 154 155 156 157 158 159 160 161 162 163 164 165 166 167 168 169 170 171 172 173 174 175 176 177 178 179 180 181 182 183 184 185 186 187 188 189 190 191 192 193 194 195 196 197 198 199 200 201 202 203 204 205 206 207 208 209 210 211 212 213 214 215 216 217 218 219 220 221 222 223 224 225 226 227 228 229 230 231 232 233 234 235 236 237 238 239 240 241 242 243 244 245 246 247 248 249 250 251 252 253 254 255 256 257 258 259 260 261 262 263 264 265 266 267 268 269 270 271 272 273 274 275 276 277 278 279 280 281 282 283 284 285 286 287 288 289 290 291 292 293 294 295 296 297 298 299 300 301 302 303 304 305 306 307 308 309 310 311 312 313 314 315 316 317 318 319 320 321 322 323 324 325 326 327 328 329 330 331 332 333 334 335 336 337 338 339 340 341 342 343 344 345 346 347 348 349 350 351 352 353 354 355 356 357 358 359 360 361 362 363 364 365 366 367 368 369 370 371 372 373 374 375 376 377 378 379 380 381 382 383 384 385 386 387 388 389 390 391 392 393 394 395 396 397 398 399 400 401 402 403 404 405 406 407 408 409 410 411 412 413 414 415 416 417 418 419 420 421 422 423 424 425 426 427 428 429 430 431 432 433 434 435 436 437 438 439 440 441 442 443 444 445 446 447 448 449 450 451 452 453 454 455 456 457 458 459 460 461 462 463 464 465 466 467 468 469 470 471 472 473 474 475 476 477 478 479 480 481 482 483 484 485 486 487 488 489 490 491 492 493 494 495 496 497 498 499 500 501 502 503 504 505 506 507 508 509 510 511 512 513 514 515 516 517 518 519 520 521 522 523 524 525 526 527 528 529 530 531 532 533 534 535 536 537 538 539 540 541 542 543 544 545 546 547 548 549 550 551 552 553 554 555 556 557 558 559 560 561 562 563 564 565 566 567 568 569 570 571 572 573 574 575 576 577 578 579 580 581 582 583 584 585 586 587 588 589 590 591 592 593 594 595 596 597 598 599 600 601 602 603 604 605 606 607 608 609 610 611 612 613 614 615 616 617 618 619 620 621 622 623 624 625 626 627 628 629 630 631 632 633 634 635 636 637 638 639 640 641 642 643 644 645 646 647 648 649 650 651 652 653 654 655 656 657 658 659 660 661 662 663 664 665 666 667 668 669 670 671 672 673 674 675 676 677 678 679 680 681 682 683 684 685 686 687 688 689 690 691 692 693 694 695 696 697 698 699 700 701 702 703 704 705 706 707 708 709 710 711 712 713 714 715 716 717 718 719 720 721 722 723 724 725 726 727 728 729 730 731 732 733 734 735 736 737 738 739 740 741 742 743 744 745 746 747 748 749 750 751 752 753 754 755 756 757 758 759 760 761 762 763 764 765 766 767 768 769 770 771 772 773 774 775 776 777 778 779 780 781 782 783 784 785 786 787 788 789 790 791 792 793 794 795 796 797 798 799 800 801 802 803 804 805 806 807 808 809 810 811 812 813 814 815 816 817 818 819 820 821 822 823 824 825 826 827 828 829 830 831 832 833 834 835 836 837 838 839 840 841 842 843 844 845 846 847 848 849 850 851 852 853 854 855 856 857 858 859 860 861 862 863 864 865 866 867 868 869 870 871 872 873 874 875 876 877 878 879 880 881 882 883 884 885 886 887 888 889 890 891 892 893 894 895 896 897 898 899 900 901 902 903 904 905 906 907 908 909 910 911 912 913 914 915 916 917 918 919 920 921 922 923 924 925 926 927 928 929 930 931 932 933 934 935 936 937 938 939 940 941 942 943 944 945 946 947 948 949 950 951 952 953 954 955 956 957 958 959 960 961 962 963 964 965 966 967 968 969 970 971 972 973 974 975 976 977 978 979 980 981 982 983 984 985 986 987 988 989 990 991 992 993 994 995 996 997 998 999 1000 1001 1002 1003 1004 1005 1006 1007 1008 1009 1010 1011 1012 1013 1014 1015 1016 1017 1018 1019 1020 1021 1022 1023 1024 1025 1026 1027 1028 1029 1030 1031 1032 1033 1034 1035 1036 1037 1038 1039 1040 1041 1042 1043 1044 1045 1046 1047 1048 1049 1050 1051 1052 1053 1054 1055 1056 1057 1058 1059 1060 1061 1062 1063 1064 1065 1066 1067 1068 1069 1070 1071 1072 1073 1074 1075 1076 1077 1078 1079 1080 1081 1082 1083 1084 1085 1086 1087 1088 1089 1090 1091 1092 1093 1094 1095 1096 1097 1098 1099 1100 1101 1102 1103 1104 1105 1106 1107 1108 1109 1110 1111 1112 1113 1114 1115 1116 1117 1118 1119 1120 1121 1122 1123 1124 1125 1126 1127 1128 1129 1130 1131 1132 1133 1134 1135 1136 1137 1138 1139 1140 1141 1142 1143 1144 1145 1146 1147 1148 1149 1150 1151 1152 1153 1154 1155 1156 1157 1158 1159 1160 1161 1162 1163 1164 1165 1166 1167 1168 1169 1170 1171 1172 1173 1174 1175 1176 1177 1178 1179 1180 1181 1182 1183 1184 1185 1186 1187 1188 1189 1190 1191 1192 1193 1194 1195 1196 1197 1198 1199 1200 1201 1202 1203 1204 1205 1206 1207 1208 1209 1210 1211 1212 1213 1214 1215 1216 1217 1218 1219 1220 1221 1222 1223 1224 1225 1226 1227 1228 1229 1230 1231 1232 1233 1234 1235 1236 1237 1238 1239 1240 1241 1242 1243 1244 1245 1246 1247 1248 1249 1250 1251 1252 1253 1254 1255 1256 1257 1258 1259 1260 1261 1262 1263 1264 1265 1266 1267 1268 1269 1270 1271 1272 1273 1274 1275 1276 1277 1278 1279 1280 1281 1282 1283 1284 1285 1286 1287 1288 1289 1290 1291 1292 1293 1294 1295 1296 1297 1298 1299 1300 1301 1302 1303 1304 1305 1306 1307 1308 1309 1310 1311 1312 1313 1314 1315 1316 1317 1318
 done.
 running RMSDs...
 done.
 E lowest :   -66.86764
 307 structures remain within     6.00 kcal/mol window
 
========================================
            MTD Iterations done         
========================================
 Collecting ensmbles.
 running RMSDs...
 done.
 E lowest :   -66.86764
 505 structures remain within     6.00 kcal/mol window
 
-----------------------------------------------
Additional regular MDs on lowest 4 conformer(s)
-----------------------------------------------
Starting MD   1 with the settings:
     MD time /ps        :     6.5
     MD Temperature /K  :   400.0
     dt /fs             :     5.0
     dumpstep(trj) /fs  :     100
Starting MD   8 with the settings:
     MD time /ps        :     6.5
     MD Temperature /K  :   500.0
     dt /fs             :     5.0
     dumpstep(trj) /fs  :     100
Starting MD   2 with the settings:
     MD time /ps        :     6.5
     MD Temperature /K  :   500.0
     dt /fs             :     5.0
     dumpstep(trj) /fs  :     100
Starting MD   3 with the settings:
     MD time /ps        :     6.5
     MD Temperature /K  :   400.0
     dt /fs             :     5.0
     dumpstep(trj) /fs  :     100
Starting MD   4 with the settings:
     MD time /ps        :     6.5
     MD Temperature /K  :   500.0
     dt /fs             :     5.0
     dumpstep(trj) /fs  :     100
Starting MD   5 with the settings:
     MD time /ps        :     6.5
     MD Temperature /K  :   400.0
     dt /fs             :     5.0
     dumpstep(trj) /fs  :     100
Starting MD   6 with the settings:
     MD time /ps        :     6.5
     MD Temperature /K  :   500.0
     dt /fs             :     5.0
     dumpstep(trj) /fs  :     100
Starting MD   7 with the settings:
     MD time /ps        :     6.5
     MD Temperature /K  :   400.0
     dt /fs             :     5.0
     dumpstep(trj) /fs  :     100
*MD 7 finished*
*MD 3 finished*
*MD 5 finished*
*MD 4 finished*
*MD 2 finished*
*MD 8 finished*
*MD 1 finished*
*MD 6 finished*
 Appending file crest_rotamers_1.xyz with new structures
 
 -------------------------------------------
 Ensemble optimization with tight thresholds
 -------------------------------------------
 Optimizing all 1017 structures from file "crest_rotamers_1.xyz" ...
 1 2 3 4 5 6 7 8 9 10 11 12 13 14 15 16 17 18 19 20 21 22 23 24 25 26 27 28 29 30 31 32 33 34 35 36 37 38 39 40 41 42 43 44 45 46 47 48 49 50 51 52 53 54 55 56 57 58 59 60 61 62 63 64 65 66 67 68 69 70 71 72 73 74 75 76 77 78 79 80 81 82 83 84 85 86 87 88 89 90 91 92 93 94 95 96 97 98 99 100 101 102 103 104 105 106 107 108 109 110 111 112 113 114 115 116 117 118 119 120 121 122 123 124 125 126 127 128 129 130 131 132 133 134 135 136 137 138 139 140 141 142 143 144 145 146 147 148 149 150 151 152 153 154 155 156 157 158 159 160 161 162 163 164 165 166 167 168 169 170 171 172 173 174 175 176 177 178 179 180 181 182 183 184 185 186 187 188 189 190 191 192 193 194 195 196 197 198 199 200 201 202 203 204 205 206 207 208 209 210 211 212 213 214 215 216 217 218 219 220 221 222 223 224 225 226 227 228 229 230 231 232 233 234 235 236 237 238 239 240 241 242 243 244 245 246 247 248 249 250 251 252 253 254 255 256 257 258 259 260 261 262 263 264 265 266 267 268 269 270 271 272 273 274 275 276 277 278 279 280 281 282 283 284 285 286 287 288 289 290 291 292 293 294 295 296 297 298 299 300 301 302 303 304 305 306 307 308 309 310 311 312 313 314 315 316 317 318 319 320 321 322 323 324 325 326 327 328 329 330 331 332 333 334 335 336 337 338 339 340 341 342 343 344 345 346 347 348 349 350 351 352 353 354 355 356 357 358 359 360 361 362 363 364 365 366 367 368 369 370 371 372 373 374 375 376 377 378 379 380 381 382 383 384 385 386 387 388 389 390 391 392 393 394 395 396 397 398 399 400 401 402 403 404 405 406 407 408 409 410 411 412 413 414 415 416 417 418 419 420 421 422 423 424 425 426 427 428 429 430 431 432 433 434 435 436 437 438 439 440 441 442 443 444 445 446 447 448 449 450 451 452 453 454 455 456 457 458 459 460 461 462 463 464 465 466 467 468 469 470 471 472 473 474 475 476 477 478 479 480 481 482 483 484 485 486 487 488 489 490 491 492 493 494 495 496 497 498 499 500 501 502 503 504 505 506 507 508 509 510 511 512 513 514 515 516 517 518 519 520 521 522 523 524 525 526 527 528 529 530 531 532 533 534 535 536 537 538 539 540 541 542 543 544 545 546 547 548 549 550 551 552 553 554 555 556 557 558 559 560 561 562 563 564 565 566 567 568 569 570 571 572 573 574 575 576 577 578 579 580 581 582 583 584 585 586 587 588 589 590 591 592 593 594 595 596 597 598 599 600 601 602 603 604 605 606 607 608 609 610 611 612 613 614 615 616 617 618 619 620 621 622 623 624 625 626 627 628 629 630 631 632 633 634 635 636 637 638 639 640 641 642 643 644 645 646 647 648 649 650 651 652 653 654 655 656 657 658 659 660 661 662 663 664 665 666 667 668 669 670 671 672 673 674 675 676 677 678 679 680 681 682 683 684 685 686 687 688 689 690 691 692 693 694 695 696 697 698 699 700 701 702 703 704 705 706 707 708 709 710 711 712 713 714 715 716 717 718 719 720 721 722 723 724 725 726 727 728 729 730 731 732 733 734 735 736 737 738 739 740 741 742 743 744 745 746 747 748 749 750 751 752 753 754 755 756 757 758 759 760 761 762 763 764 765 766 767 768 769 770 771 772 773 774 775 776 777 778 779 780 781 782 783 784 785 786 787 788 789 790 791 792 793 794 795 796 797 798 799 800 801 802 803 804 805 806 807 808 809 810 811 812 813 814 815 816 817 818 819 820 821 822 823 824 825 826 827 828 829 830 831 832 833 834 835 836 837 838 839 840 841 842 843 844 845 846 847 848 849 850 851 852 853 854 855 856 857 858 859 860 861 862 863 864 865 866 867 868 869 870 871 872 873 874 875 876 877 878 879 880 881 882 883 884 885 886 887 888 889 890 891 892 893 894 895 896 897 898 899 900 901 902 903 904 905 906 907 908 909 910 911 912 913 914 915 916 917 918 919 920 921 922 923 924 925 926 927 928 929 930 931 932 933 934 935 936 937 938 939 940 941 942 943 944 945 946 947 948 949 950 951 952 953 954 955 956 957 958 959 960 961 962 963 964 965 966 967 968 969 970 971 972 973 974 975 976 977 978 979 980 981 982 983 984 985 986 987 988 989 990 991 992 993 994 995 996 997 998 999 1000 1001 1002 1003 1004 1005 1006 1007 1008 1009 1010 1011 1012 1013 1014 1015 1016 1017
 done.
 running RMSDs...
 done.
 E lowest :   -66.86764
 500 structures remain within     6.00 kcal/mol window
 
 
     ========================================
     |        Structure Crossing (GC)       |
     ========================================
 =============================
  # threads =          16
 =============================
 input  file name : crest_rotamers_3.xyz
number of atoms                :    41
number of points on xyz files  :   500
conformer energy window  /kcal :    6.00
CN per atom difference cut-off :  0.3000
RMSD threshold                 :  0.2500
max. # of generated structures : 650
 reading xyz file ...
 # in E window                500
 generating pairs ...      125249
  15.0 % done
  23.8 % done
  75.2 % done
  86.0 % done
  95.6 % done
 generated pairs           :       42345
 number of clash discarded :       82405
 average rmsd w.r.t input  : 3.75474
 sd of ensemble            : 0.97883
 number of new structures      :          34
 removed identical structures  :        1266
 writing           34  TMPCONF* dirs ...
 --------------------------
 GC: loose pre-optimization
 --------------------------
 Starting optimization of generated structures
 34 jobs to do.
 1 2 3 4 5 6 7 8 9 10 11 12 13 14 15 16 17 18 19 20 21 22 23 24 25 26 27 28 29 30 31 32 33 34 
 done.
 Now appending opt.xyz file with new structures
 running RMSDs...
 done.
 E lowest :   -66.86762
 33 structures remain within    10.00 kcal/mol window
 --------------------------------------
 GC: optimization with tight thresholds
 --------------------------------------
 Optimizing all 33 structures from file "crest_rotamers_1.xyz" ...
 1 2 3 4 5 6 7 8 9 10 11 12 13 14 15 16 17 18 19 20 21 22 23 24 25 26 27 28 29 30 31 32 33
 done.
 running RMSDs...
 done.
 E lowest :   -66.86764
 
 
   ================================================
   |           Final Geometry Optimization        |
   ================================================
 ------------------------------------------------
 Ensemble optimization with very tight thresholds
 ------------------------------------------------
 Optimizing all 504 structures from file "crest_rotamers_4.xyz" ...
 1 2 3 4 5 6 7 8 9 10 11 12 13 14 15 16 17 18 19 20 21 22 23 24 25 26 27 28 29 30 31 32 33 34 35 36 37 38 39 40 41 42 43 44 45 46 47 48 49 50 51 52 53 54 55 56 57 58 59 60 61 62 63 64 65 66 67 68 69 70 71 72 73 74 75 76 77 78 79 80 81 82 83 84 85 86 87 88 89 90 91 92 93 94 95 96 97 98 99 100 101 102 103 104 105 106 107 108 109 110 111 112 113 114 115 116 117 118 119 120 121 122 123 124 125 126 127 128 129 130 131 132 133 134 135 136 137 138 139 140 141 142 143 144 145 146 147 148 149 150 151 152 153 154 155 156 157 158 159 160 161 162 163 164 165 166 167 168 169 170 171 172 173 174 175 176 177 178 179 180 181 182 183 184 185 186 187 188 189 190 191 192 193 194 195 196 197 198 199 200 201 202 203 204 205 206 207 208 209 210 211 212 213 214 215 216 217 218 219 220 221 222 223 224 225 226 227 228 229 230 231 232 233 234 235 236 237 238 239 240 241 242 243 244 245 246 247 248 249 250 251 252 253 254 255 256 257 258 259 260 261 262 263 264 265 266 267 268 269 270 271 272 273 274 275 276 277 278 279 280 281 282 283 284 285 286 287 288 289 290 291 292 293 294 295 296 297 298 299 300 301 302 303 304 305 306 307 308 309 310 311 312 313 314 315 316 317 318 319 320 321 322 323 324 325 326 327 328 329 330 331 332 333 334 335 336 337 338 339 340 341 342 343 344 345 346 347 348 349 350 351 352 353 354 355 356 357 358 359 360 361 362 363 364 365 366 367 368 369 370 371 372 373 374 375 376 377 378 379 380 381 382 383 384 385 386 387 388 389 390 391 392 393 394 395 396 397 398 399 400 401 402 403 404 405 406 407 408 409 410 411 412 413 414 415 416 417 418 419 420 421 422 423 424 425 426 427 428 429 430 431 432 433 434 435 436 437 438 439 440 441 442 443 444 445 446 447 448 449 450 451 452 453 454 455 456 457 458 459 460 461 462 463 464 465 466 467 468 469 470 471 472 473 474 475 476 477 478 479 480 481 482 483 484 485 486 487 488 489 490 491 492 493 494 495 496 497 498 499 500 501 502 503 504
 done.
 running RMSDs...
 done.
 E lowest :   -66.86764
 481 structures remain within     6.00 kcal/mol window
 
 input  file name : crest_rotamers_5.xyz
 output file name : crest_rotamers_6.xyz
 number of atoms                :   41
 number of points on xyz files  :   504
 RMSD threshold                 :   0.1250
 Bconst threshold               :   0.0100
 population threshold           :   0.0500
 conformer energy window  /kcal :   6.0000
 # fragment in coord            :     1
 # bonds in reference structure :    42
 number of reliable points      :   504
 reference state Etot :  -66.8676441100000
 number of doubles removed by rot/RMSD         :          23
 total number unique points considered further :         481
       Erel/kcal        Etot weight/tot  conformer     set   degen     origin
       1   0.000   -66.86764    0.01188    0.57356       1      49     mtd12
       2   0.000   -66.86764    0.01188                                mtd10
       3   0.000   -66.86764    0.01188                                mtd4
       4   0.000   -66.86764    0.01188                                mtd5
       5   0.000   -66.86764    0.01187                                md2
       6   0.001   -66.86764    0.01187                                mtd1
       7   0.001   -66.86764    0.01187                                mtd1
       8   0.001   -66.86764    0.01187                                mtd10
       9   0.001   -66.86764    0.01186                                mtd11
      10   0.001   -66.86764    0.01186                                mtd9
      11   0.001   -66.86764    0.01186                                mtd11
      12   0.001   -66.86764    0.01186                                md3
      13   0.001   -66.86764    0.01186                                mtd1
      14   0.001   -66.86764    0.01186                                mtd8
      15   0.001   -66.86764    0.01186                                mtd6
      16   0.001   -66.86764    0.01186                                mtd4
      17   0.001   -66.86764    0.01186                                md7
      18   0.001   -66.86764    0.01186                                mtd1
      19   0.001   -66.86764    0.01186                                md6
      20   0.002   -66.86764    0.01185                                mtd7
      21   0.002   -66.86764    0.01185                                mtd5
      22   0.002   -66.86764    0.01185                                mtd5
      23   0.002   -66.86764    0.01185                                mtd7
      24   0.002   -66.86764    0.01184                                md7
      25   0.002   -66.86764    0.01184                                mtd6
      26   0.002   -66.86764    0.01184                                mtd3
      27   0.002   -66.86764    0.01184                                mtd9
      28   0.003   -66.86764    0.01183                                md3
      29   0.003   -66.86764    0.01183                                mtd2
      30   0.003   -66.86764    0.01183                                mtd11
      31   0.003   -66.86764    0.01183                                mtd11
      32   0.003   -66.86764    0.01182                                mtd9
      33   0.003   -66.86764    0.01181                                gc
      34   0.004   -66.86764    0.01180                                md4
      35   0.005   -66.86764    0.01178                                mtd12
      36   0.006   -66.86763    0.01176                                mtd2
      37   0.017   -66.86762    0.01156                                md4
      38   0.024   -66.86761    0.01142                                md3
      39   0.028   -66.86760    0.01134                                mtd7
      40   0.031   -66.86759    0.01128                                gc
      41   0.033   -66.86759    0.01125                                md4
      42   0.028   -66.86760    0.01134                                mtd3
      43   0.028   -66.86760    0.01134                                gc
      44   0.037   -66.86758    0.01116                                gc
      45   0.028   -66.86760    0.01134                                mtd4
      46   0.029   -66.86760    0.01133                                md4
      47   0.029   -66.86760    0.01132                                mtd4
      48   0.029   -66.86760    0.01132                                gc
      49   0.042   -66.86758    0.01107                                mtd4
      50   0.029   -66.86760    0.01131    0.06712       2       6     mtd2
      51   0.047   -66.86757    0.01098                                mtd2
      52   0.029   -66.86760    0.01131                                mtd12
      53   0.030   -66.86760    0.01130                                mtd12
      54   0.050   -66.86756    0.01093                                gc
      55   0.030   -66.86760    0.01129                                gc
      56   0.635   -66.86663    0.00407    0.16493       3      41     mtd2
      57   0.635   -66.86663    0.00407                                md8
      58   0.635   -66.86663    0.00407                                mtd2
      59   0.635   -66.86663    0.00407                                md5
      60   0.635   -66.86663    0.00407                                mtd12
      61   0.635   -66.86663    0.00407                                mtd12
      62   0.636   -66.86663    0.00407                                mtd5
      63   0.636   -66.86663    0.00407                                mtd4
      64   0.636   -66.86663    0.00407                                mtd14
      65   0.636   -66.86663    0.00407                                mtd7
      66   0.636   -66.86663    0.00406                                md8
      67   0.636   -66.86663    0.00406                                mtd5
      68   0.636   -66.86663    0.00406                                md8
      69   0.637   -66.86663    0.00406                                mtd4
      70   0.637   -66.86663    0.00406                                md8
      71   0.637   -66.86663    0.00406                                mtd4
      72   0.637   -66.86663    0.00406                                md6
      73   0.638   -66.86663    0.00405                                mtd6
      74   0.638   -66.86663    0.00405                                mtd12
      75   0.638   -66.86663    0.00405                                mtd7
      76   0.638   -66.86663    0.00405                                mtd11
      77   0.638   -66.86663    0.00405                                mtd12
      78   0.639   -66.86663    0.00405                                mtd1
      79   0.639   -66.86663    0.00405                                mtd11
      80   0.639   -66.86663    0.00404                                mtd4
      81   0.639   -66.86663    0.00404                                mtd11
      82   0.640   -66.86662    0.00404                                mtd4
      83   0.640   -66.86662    0.00404                                mtd1
      84   0.640   -66.86662    0.00404                                mtd2
      85   0.640   -66.86662    0.00404                                mtd7
      86   0.641   -66.86662    0.00403                                mtd4
      87   0.642   -66.86662    0.00403                                mtd7
      88   0.642   -66.86662    0.00402                                mtd11
      89   0.645   -66.86662    0.00400                                mtd11
      90   0.651   -66.86661    0.00396                                mtd4
      91   0.661   -66.86659    0.00390                                mtd12
      92   0.664   -66.86659    0.00388                                mtd4
      93   0.665   -66.86658    0.00387                                mtd10
      94   0.667   -66.86658    0.00386                                mtd1
      95   0.667   -66.86658    0.00386                                mtd3
      96   0.680   -66.86656    0.00378                                mtd10
      97   0.669   -66.86658    0.00384    0.00384       4       1     mtd10
      98   0.693   -66.86654    0.00370    0.00370       5       1     mtd4
      99   0.797   -66.86637    0.00310    0.12835       6      42     mtd12
     100   0.797   -66.86637    0.00310                                mtd6
     101   0.797   -66.86637    0.00310                                mtd8
     102   0.797   -66.86637    0.00310                                mtd2
     103   0.797   -66.86637    0.00310                                mtd11
     104   0.797   -66.86637    0.00310                                mtd6
     105   0.797   -66.86637    0.00310                                mtd4
     106   0.798   -66.86637    0.00310                                mtd2
     107   0.798   -66.86637    0.00310                                mtd13
     108   0.798   -66.86637    0.00309                                mtd13
     109   0.798   -66.86637    0.00309                                mtd7
     110   0.798   -66.86637    0.00309                                mtd6
     111   0.799   -66.86637    0.00309                                mtd8
     112   0.799   -66.86637    0.00309                                mtd13
     113   0.799   -66.86637    0.00309                                mtd10
     114   0.799   -66.86637    0.00309                                mtd13
     115   0.799   -66.86637    0.00309                                mtd4
     116   0.800   -66.86637    0.00308                                mtd5
     117   0.800   -66.86637    0.00308                                mtd1
     118   0.800   -66.86637    0.00308                                mtd11
     119   0.800   -66.86637    0.00308                                mtd12
     120   0.800   -66.86637    0.00308                                mtd11
     121   0.801   -66.86637    0.00308                                mtd10
     122   0.801   -66.86637    0.00308                                mtd4
     123   0.801   -66.86637    0.00308                                mtd10
     124   0.801   -66.86637    0.00308                                mtd10
     125   0.801   -66.86637    0.00308                                mtd10
     126   0.801   -66.86637    0.00308                                mtd13
     127   0.802   -66.86637    0.00307                                mtd6
     128   0.802   -66.86637    0.00307                                mtd1
     129   0.803   -66.86636    0.00307                                mtd12
     130   0.806   -66.86636    0.00305                                mtd7
     131   0.810   -66.86635    0.00303                                mtd2
     132   0.811   -66.86635    0.00303                                mtd9
     133   0.815   -66.86635    0.00301                                mtd11
     134   0.818   -66.86634    0.00299                                mtd11
     135   0.824   -66.86633    0.00296                                mtd13
     136   0.824   -66.86633    0.00296                                mtd1
     137   0.827   -66.86633    0.00295                                mtd4
     138   0.834   -66.86631    0.00291                                mtd11
     139   0.841   -66.86630    0.00288                                mtd8
     140   0.843   -66.86630    0.00287                                mtd11
     141   1.392   -66.86543    0.00114    0.04587       7      41     mtd6
     142   1.392   -66.86543    0.00114                                mtd12
     143   1.393   -66.86542    0.00113                                mtd8
     144   1.393   -66.86542    0.00113                                mtd2
     145   1.394   -66.86542    0.00113                                mtd2
     146   1.394   -66.86542    0.00113                                mtd6
     147   1.394   -66.86542    0.00113                                mtd2
     148   1.394   -66.86542    0.00113                                mtd6
     149   1.394   -66.86542    0.00113                                mtd11
     150   1.394   -66.86542    0.00113                                mtd6
     151   1.395   -66.86542    0.00113                                mtd8
     152   1.395   -66.86542    0.00113                                mtd8
     153   1.395   -66.86542    0.00113                                mtd10
     154   1.395   -66.86542    0.00113                                mtd9
     155   1.395   -66.86542    0.00113                                mtd9
     156   1.395   -66.86542    0.00113                                mtd1
     157   1.396   -66.86542    0.00113                                mtd2
     158   1.396   -66.86542    0.00113                                mtd7
     159   1.396   -66.86542    0.00113                                mtd10
     160   1.396   -66.86542    0.00113                                mtd8
     161   1.396   -66.86542    0.00113                                mtd9
     162   1.396   -66.86542    0.00113                                mtd11
     163   1.397   -66.86542    0.00113                                mtd10
     164   1.399   -66.86542    0.00112                                mtd8
     165   1.400   -66.86541    0.00112                                mtd9
     166   1.401   -66.86541    0.00112                                mtd9
     167   1.404   -66.86541    0.00111                                mtd10
     168   1.405   -66.86540    0.00111                                mtd14
     169   1.407   -66.86540    0.00111                                mtd1
     170   1.407   -66.86540    0.00111                                mtd14
     171   1.409   -66.86540    0.00110                                mtd10
     172   1.409   -66.86540    0.00110                                mtd5
     173   1.410   -66.86540    0.00110                                mtd10
     174   1.410   -66.86540    0.00110                                mtd11
     175   1.411   -66.86540    0.00110                                mtd11
     176   1.412   -66.86539    0.00110                                mtd12
     177   1.413   -66.86539    0.00110                                mtd11
     178   1.424   -66.86538    0.00108                                mtd11
     179   1.426   -66.86537    0.00107                                mtd5
     180   1.414   -66.86539    0.00110                                mtd8
     181   1.418   -66.86539    0.00109                                mtd9
     182   1.433   -66.86536    0.00106    0.00322       8       3     mtd10
     183   1.421   -66.86538    0.00108                                mtd11
     184   1.422   -66.86538    0.00108                                mtd14
     185   2.682   -66.86337    0.00013    0.00335       9      26     mtd2
     186   2.682   -66.86337    0.00013                                mtd2
     187   2.682   -66.86337    0.00013                                mtd4
     188   2.682   -66.86337    0.00013                                mtd5
     189   2.682   -66.86337    0.00013                                mtd7
     190   2.682   -66.86337    0.00013                                mtd6
     191   2.682   -66.86337    0.00013                                mtd9
     192   2.682   -66.86337    0.00013                                mtd2
     193   2.682   -66.86337    0.00013                                mtd1
     194   2.682   -66.86337    0.00013                                mtd9
     195   2.682   -66.86337    0.00013                                mtd5
     196   2.683   -66.86337    0.00013                                mtd11
     197   2.683   -66.86337    0.00013                                mtd8
     198   2.683   -66.86337    0.00013                                mtd11
     199   2.683   -66.86337    0.00013                                mtd7
     200   2.683   -66.86337    0.00013                                mtd5
     201   2.683   -66.86337    0.00013                                mtd10
     202   2.683   -66.86337    0.00013                                mtd2
     203   2.683   -66.86337    0.00013                                mtd7
     204   2.683   -66.86337    0.00013                                mtd11
     205   2.684   -66.86337    0.00013                                mtd7
     206   2.684   -66.86337    0.00013                                mtd3
     207   2.685   -66.86337    0.00013                                mtd1
     208   2.685   -66.86336    0.00013                                mtd14
     209   2.686   -66.86336    0.00013                                mtd13
     210   2.687   -66.86336    0.00013                                mtd8
     211   2.687   -66.86336    0.00013    0.00013      10       1     mtd5
     212   2.699   -66.86334    0.00013    0.00037      11       3     mtd4
     213   2.703   -66.86334    0.00012                                mtd8
     214   2.739   -66.86328    0.00012                                mtd8
     215   2.739   -66.86328    0.00012    0.00070      12       6     mtd8
     216   2.741   -66.86328    0.00012                                mtd13
     217   2.745   -66.86327    0.00012                                mtd2
     218   2.746   -66.86327    0.00012                                mtd1
     219   2.734   -66.86329    0.00012                                mtd2
     220   2.745   -66.86327    0.00012                                mtd2
     221   2.746   -66.86327    0.00012    0.00012      13       1     mtd10
     222   2.749   -66.86326    0.00012    0.00023      14       2     mtd2
     223   2.756   -66.86325    0.00011                                mtd6
     224   2.757   -66.86325    0.00011    0.00034      15       3     mtd2
     225   2.758   -66.86325    0.00011                                mtd7
     226   2.753   -66.86326    0.00011                                mtd10
     227   3.055   -66.86278    0.00007    0.00007      16       1     mtd8
     228   3.222   -66.86251    0.00005    0.00010      17       2     mtd5
     229   3.223   -66.86251    0.00005                                mtd2
     230   3.238   -66.86248    0.00005    0.00076      18      15     mtd7
     231   3.238   -66.86248    0.00005                                mtd7
     232   3.238   -66.86248    0.00005                                mtd4
     233   3.238   -66.86248    0.00005                                mtd12
     234   3.238   -66.86248    0.00005                                mtd6
     235   3.238   -66.86248    0.00005                                mtd7
     236   3.238   -66.86248    0.00005                                mtd6
     237   3.238   -66.86248    0.00005                                mtd11
     238   3.238   -66.86248    0.00005                                mtd2
     239   3.238   -66.86248    0.00005                                mtd1
     240   3.238   -66.86248    0.00005                                mtd3
     241   3.239   -66.86248    0.00005                                mtd2
     242   3.239   -66.86248    0.00005                                mtd2
     243   3.240   -66.86248    0.00005                                mtd2
     244   3.243   -66.86248    0.00005                                mtd4
     245   3.244   -66.86247    0.00005    0.00015      19       3     mtd4
     246   3.245   -66.86247    0.00005                                mtd13
     247   3.243   -66.86248    0.00005                                mtd7
     248   3.244   -66.86248    0.00005    0.00020      20       4     mtd3
     249   3.245   -66.86247    0.00005                                mtd7
     250   3.247   -66.86247    0.00005                                mtd7
     251   3.240   -66.86248    0.00005                                mtd4
     252   3.251   -66.86246    0.00005    0.00005      21       1     mtd2
     253   3.258   -66.86245    0.00005    0.00005      22       1     mtd4
     254   3.325   -66.86235    0.00004    0.00013      23       3     mtd14
     255   3.327   -66.86234    0.00004                                mtd2
     256   3.333   -66.86233    0.00004                                mtd12
     257   3.444   -66.86216    0.00004    0.00105      24      30     mtd4
     258   3.444   -66.86216    0.00004                                mtd8
     259   3.444   -66.86216    0.00004                                mtd11
     260   3.444   -66.86216    0.00004                                mtd2
     261   3.444   -66.86216    0.00004                                mtd4
     262   3.445   -66.86215    0.00004                                mtd11
     263   3.445   -66.86215    0.00004                                mtd8
     264   3.446   -66.86215    0.00004                                mtd11
     265   3.446   -66.86215    0.00004                                mtd1
     266   3.446   -66.86215    0.00004                                mtd9
     267   3.446   -66.86215    0.00004                                mtd1
     268   3.484   -66.86209    0.00003                                mtd1
     269   3.446   -66.86215    0.00004                                mtd8
     270   3.447   -66.86215    0.00004                                mtd13
     271   3.448   -66.86215    0.00004                                mtd10
     272   3.449   -66.86215    0.00004                                mtd12
     273   3.449   -66.86215    0.00004                                mtd5
     274   3.450   -66.86215    0.00004                                mtd10
     275   3.451   -66.86215    0.00004                                mtd10
     276   3.451   -66.86214    0.00004                                mtd13
     277   3.453   -66.86214    0.00004                                mtd4
     278   3.486   -66.86209    0.00003                                mtd9
     279   3.453   -66.86214    0.00004                                mtd5
     280   3.455   -66.86214    0.00004                                mtd4
     281   3.461   -66.86213    0.00003                                mtd1
     282   3.471   -66.86211    0.00003                                mtd9
     283   3.473   -66.86211    0.00003                                mtd9
     284   3.476   -66.86211    0.00003                                mtd2
     285   3.477   -66.86210    0.00003                                mtd1
     286   3.479   -66.86210    0.00003                                mtd12
     287   3.480   -66.86210    0.00003    0.00003      25       1     mtd5
     288   3.489   -66.86208    0.00003    0.00007      26       2     mtd13
     289   3.483   -66.86209    0.00003                                mtd9
     290   3.749   -66.86167    0.00002    0.00033      27      16     mtd2
     291   3.749   -66.86167    0.00002                                mtd12
     292   3.749   -66.86167    0.00002                                mtd4
     293   3.749   -66.86167    0.00002                                mtd7
     294   3.749   -66.86167    0.00002                                mtd10
     295   3.749   -66.86167    0.00002                                mtd9
     296   3.753   -66.86166    0.00002                                mtd4
     297   3.754   -66.86166    0.00002                                mtd2
     298   3.760   -66.86165    0.00002                                mtd2
     299   3.781   -66.86162    0.00002                                mtd7
     300   3.786   -66.86161    0.00002                                mtd12
     301   3.792   -66.86160    0.00002                                mtd2
     302   3.793   -66.86160    0.00002                                mtd10
     303   3.794   -66.86160    0.00002                                mtd4
     304   3.794   -66.86160    0.00002                                mtd1
     305   3.795   -66.86160    0.00002                                mtd4
     306   3.795   -66.86160    0.00002    0.00010      28       5     mtd12
     307   3.797   -66.86159    0.00002                                mtd2
     308   3.798   -66.86159    0.00002                                mtd8
     309   3.805   -66.86158    0.00002                                mtd6
     310   3.800   -66.86159    0.00002                                mtd2
     311   3.803   -66.86158    0.00002    0.00002      29       1     mtd7
     312   3.890   -66.86145    0.00002    0.00029      30      18     mtd10
     313   3.891   -66.86144    0.00002                                mtd1
     314   3.891   -66.86144    0.00002                                mtd10
     315   3.892   -66.86144    0.00002                                mtd14
     316   3.894   -66.86144    0.00002                                mtd5
     317   3.894   -66.86144    0.00002                                mtd7
     318   3.894   -66.86144    0.00002                                mtd12
     319   3.895   -66.86144    0.00002                                mtd3
     320   3.897   -66.86143    0.00002                                mtd9
     321   3.897   -66.86143    0.00002                                mtd3
     322   3.921   -66.86140    0.00002                                mtd8
     323   3.922   -66.86139    0.00002                                mtd12
     324   3.923   -66.86139    0.00002                                mtd14
     325   3.923   -66.86139    0.00002                                mtd9
     326   3.925   -66.86139    0.00002                                mtd10
     327   3.925   -66.86139    0.00002                                mtd3
     328   3.928   -66.86138    0.00002                                mtd7
     329   3.928   -66.86138    0.00002                                mtd14
     330   3.931   -66.86138    0.00002    0.00033      31      21     mtd14
     331   3.932   -66.86138    0.00002                                mtd12
     332   3.932   -66.86138    0.00002                                mtd10
     333   3.916   -66.86140    0.00002                                mtd3
     334   3.916   -66.86140    0.00002                                mtd7
     335   3.917   -66.86140    0.00002                                mtd4
     336   3.918   -66.86140    0.00002                                mtd6
     337   3.918   -66.86140    0.00002                                mtd1
     338   3.919   -66.86140    0.00002                                mtd2
     339   3.919   -66.86140    0.00002                                mtd4
     340   3.951   -66.86135    0.00002                                mtd6
     341   3.919   -66.86140    0.00002                                mtd9
     342   3.933   -66.86138    0.00002                                mtd5
     343   3.951   -66.86135    0.00002                                mtd1
     344   3.952   -66.86135    0.00002                                mtd4
     345   3.935   -66.86137    0.00002                                mtd5
     346   3.940   -66.86137    0.00002                                mtd5
     347   3.953   -66.86134    0.00002                                mtd6
     348   3.955   -66.86134    0.00002                                mtd4
     349   3.940   -66.86136    0.00002                                mtd14
     350   3.941   -66.86136    0.00002                                mtd2
     351   3.957   -66.86134    0.00002    0.00005      32       3     mtd9
     352   3.946   -66.86136    0.00002                                mtd6
     353   3.949   -66.86135    0.00002                                mtd9
     354   3.949   -66.86135    0.00002    0.00005      33       3     mtd10
     355   3.950   -66.86135    0.00002                                mtd9
     356   3.951   -66.86135    0.00002                                mtd7
     357   4.139   -66.86105    0.00001    0.00002      34       2     mtd12
     358   4.156   -66.86102    0.00001                                mtd1
     359   4.613   -66.86029    0.00000    0.00006      35      13     mtd9
     360   4.613   -66.86029    0.00000                                mtd9
     361   4.613   -66.86029    0.00000                                mtd14
     362   4.614   -66.86029    0.00000                                mtd14
     363   4.615   -66.86029    0.00000                                mtd11
     364   4.615   -66.86029    0.00000                                mtd9
     365   4.617   -66.86029    0.00000                                mtd12
     366   4.618   -66.86028    0.00000                                mtd9
     367   4.635   -66.86026    0.00000                                mtd14
     368   4.636   -66.86026    0.00000                                mtd2
     369   4.637   -66.86025    0.00000                                mtd4
     370   4.645   -66.86024    0.00000                                mtd14
     371   4.620   -66.86028    0.00000                                mtd14
     372   4.645   -66.86024    0.00000    0.00002      36       5     mtd13
     373   4.646   -66.86024    0.00000                                mtd13
     374   4.646   -66.86024    0.00000                                mtd12
     375   4.620   -66.86028    0.00000                                mtd10
     376   4.629   -66.86027    0.00000                                mtd14
     377   4.660   -66.86022    0.00000    0.00003      37       6     mtd10
     378   4.635   -66.86026    0.00000                                mtd10
     379   4.664   -66.86021    0.00000                                mtd14
     380   4.665   -66.86021    0.00000                                mtd2
     381   4.669   -66.86020    0.00000                                mtd7
     382   4.668   -66.86020    0.00000                                mtd14
     383   4.635   -66.86026    0.00000    0.00002      38       4     mtd9
     384   4.648   -66.86024    0.00000                                mtd4
     385   4.653   -66.86023    0.00000                                mtd5
     386   4.637   -66.86025    0.00000                                mtd8
     387   4.669   -66.86020    0.00000    0.00002      39       4     mtd2
     388   4.669   -66.86020    0.00000                                mtd14
     389   4.641   -66.86025    0.00000                                mtd9
     390   4.674   -66.86020    0.00000                                mtd2
     391   4.671   -66.86020    0.00000    0.00000      40       1     mtd9
     392   4.948   -66.85976    0.00000    0.00002      41       8     mtd1
     393   4.949   -66.85976    0.00000                                mtd11
     394   4.951   -66.85975    0.00000                                mtd12
     395   4.951   -66.85975    0.00000                                mtd10
     396   4.953   -66.85975    0.00000                                mtd9
     397   4.961   -66.85974    0.00000                                mtd10
     398   4.963   -66.85974    0.00000                                mtd11
     399   4.971   -66.85972    0.00000                                mtd9
     400   5.005   -66.85967    0.00000    0.00001      42       5     mtd9
     401   5.005   -66.85967    0.00000                                mtd11
     402   5.010   -66.85966    0.00000                                mtd12
     403   5.016   -66.85965    0.00000                                mtd1
     404   5.025   -66.85964    0.00000                                mtd11
     405   5.026   -66.85964    0.00000    0.00000      43       1     mtd9
     406   5.026   -66.85964    0.00000    0.00007      44      27     mtd1
     407   5.026   -66.85964    0.00000                                mtd8
     408   5.026   -66.85963    0.00000                                mtd5
     409   5.026   -66.85963    0.00000                                mtd6
     410   5.026   -66.85963    0.00000                                mtd4
     411   5.026   -66.85963    0.00000                                mtd11
     412   5.026   -66.85963    0.00000                                mtd10
     413   5.027   -66.85963    0.00000                                mtd1
     414   5.027   -66.85963    0.00000                                mtd9
     415   5.027   -66.85963    0.00000                                mtd13
     416   5.028   -66.85963    0.00000                                mtd11
     417   5.028   -66.85963    0.00000                                mtd4
     418   5.029   -66.85963    0.00000                                mtd4
     419   5.029   -66.85963    0.00000                                mtd5
     420   5.030   -66.85963    0.00000                                mtd11
     421   5.019   -66.85965    0.00000                                mtd12
     422   5.031   -66.85963    0.00000                                mtd7
     423   5.031   -66.85963    0.00000                                mtd12
     424   5.040   -66.85961    0.00000                                mtd4
     425   5.058   -66.85958    0.00000                                mtd1
     426   5.060   -66.85958    0.00000                                mtd12
     427   5.060   -66.85958    0.00000                                mtd1
     428   5.062   -66.85958    0.00000                                mtd1
     429   5.064   -66.85957    0.00000                                mtd8
     430   5.070   -66.85956    0.00000                                mtd1
     431   5.071   -66.85956    0.00000                                mtd11
     432   5.072   -66.85956    0.00000                                mtd4
     433   5.075   -66.85956    0.00000    0.00000      45       2     mtd12
     434   5.078   -66.85955    0.00000                                mtd1
     435   5.271   -66.85924    0.00000    0.00000      46       1     mtd10
     436   5.405   -66.85903    0.00000    0.00003      47      22     mtd9
     437   5.406   -66.85903    0.00000                                mtd10
     438   5.406   -66.85903    0.00000                                mtd8
     439   5.406   -66.85903    0.00000                                mtd4
     440   5.407   -66.85903    0.00000                                mtd10
     441   5.407   -66.85903    0.00000                                mtd1
     442   5.408   -66.85903    0.00000                                mtd10
     443   5.408   -66.85903    0.00000                                mtd8
     444   5.408   -66.85903    0.00000                                mtd9
     445   5.409   -66.85902    0.00000                                mtd4
     446   5.409   -66.85902    0.00000                                mtd13
     447   5.412   -66.85902    0.00000                                mtd6
     448   5.413   -66.85902    0.00000                                mtd6
     449   5.416   -66.85901    0.00000                                mtd12
     450   5.417   -66.85901    0.00000                                mtd11
     451   5.441   -66.85897    0.00000                                mtd9
     452   5.442   -66.85897    0.00000                                mtd4
     453   5.442   -66.85897    0.00000                                mtd6
     454   5.443   -66.85897    0.00000                                mtd1
     455   5.443   -66.85897    0.00000                                mtd12
     456   5.443   -66.85897    0.00000                                mtd8
     457   5.445   -66.85897    0.00000                                mtd8
     458   5.455   -66.85895    0.00000    0.00000      48       3     mtd13
     459   5.456   -66.85895    0.00000                                mtd12
     460   5.463   -66.85894    0.00000                                mtd9
     461   5.459   -66.85894    0.00000    0.00000      49       1     mtd11
     462   5.483   -66.85891    0.00000    0.00002      50      14     mtd6
     463   5.483   -66.85891    0.00000                                mtd10
     464   5.483   -66.85891    0.00000                                mtd12
     465   5.484   -66.85891    0.00000                                mtd13
     466   5.484   -66.85891    0.00000                                mtd8
     467   5.484   -66.85891    0.00000                                mtd13
     468   5.484   -66.85890    0.00000                                mtd11
     469   5.485   -66.85890    0.00000                                mtd11
     470   5.486   -66.85890    0.00000                                mtd5
     471   5.486   -66.85890    0.00000                                mtd5
     472   5.487   -66.85890    0.00000                                mtd9
     473   5.488   -66.85890    0.00000                                mtd4
     474   5.521   -66.85885    0.00000                                mtd1
     475   5.492   -66.85889    0.00000                                mtd12
     476   5.494   -66.85889    0.00000    0.00000      51       1     mtd9
     477   5.540   -66.85881    0.00000    0.00000      52       1     mtd10
     478   5.553   -66.85880    0.00000    0.00000      53       2     mtd4
     479   5.567   -66.85877    0.00000                                mtd1
     480   5.578   -66.85876    0.00000    0.00000      54       1     mtd1
     481   5.886   -66.85826    0.00000    0.00000      55       1     mtd10
T /K                                  :   298.15
E lowest                              :   -66.86764
ensemble average energy (kcal)        :    0.320
ensemble entropy (J/mol K, cal/mol K) :   41.340    9.881
ensemble free energy (kcal/mol)       :   -2.946
population of lowest in %             :   57.356
 number of unique conformers for further calc           55
 list of relative energies saved as "crest.energies"
 
 -----------------
 Wall Time Summary
 -----------------
             test MD wall time :         0h : 0m : 4s
                 MTD wall time :         0h : 4m :17s
      multilevel OPT wall time :         0h :12m :25s
                  MD wall time :         0h : 2m :17s
                  GC wall time :         0h : 0m : 5s
--------------------
Overall wall time  : 0h :19m :32s
 
 CREST terminated normally.
